New log file opened at Tue Aug 11 22:07:36 WEST 2015 by 6563@localhost.localdomain
Sending msg to client play-fork-run-a5a6c691-71ed-4fa9-867d-895c640ecfa2: DetachedLogEvent(LogMessage(debug,sbt server socket logs are in: /home/jorgeacf/dev/github/libraries-java-examples/akka/play-java-intro/.sbtserver/connections/master.log))
Sending msg to client play-fork-run-a5a6c691-71ed-4fa9-867d-895c640ecfa2: DetachedLogEvent(LogMessage(debug,sbt general server logs are in: /home/jorgeacf/dev/github/libraries-java-examples/akka/play-java-intro/.sbtserver/master.log))
Sending msg to client play-fork-run-a5a6c691-71ed-4fa9-867d-895c640ecfa2: DetachedLogEvent(LogMessage(debug,sbt client logs are in: /home/jorgeacf/dev/github/libraries-java-examples/akka/play-java-intro/.sbtserver/connections/play-fork-run-a5a6c691-71ed-4fa9-867d-895c640ecfa2.log))
Reading next message from client.
Got request: DaemonRequest(true)
Reading next message from client.
Sending msg to client play-fork-run-a5a6c691-71ed-4fa9-867d-895c640ecfa2: (3,ReceivedResponse())
Got request: ListenToEvents()
Reading next message from client.
Sending msg to client play-fork-run-a5a6c691-71ed-4fa9-867d-895c640ecfa2: BackgroundJobStarted(6,BackgroundJobInfo(1,backgroundRun,AttributeKey[sbt.BackgroundJobHandle]("backgroundRun") in Scope(Build: file:/home/jorgeacf/dev/github/libraries-java-examples/akka/play-java-intro/, , Project: ProjectReference(file:/home/jorgeacf/dev/github/libraries-java-examples/akka/play-java-intro/,root), Config: compile)))
Sending msg to client play-fork-run-a5a6c691-71ed-4fa9-867d-895c640ecfa2: (4,ReceivedResponse())
Got request: KeyLookupRequest(root/playForkConfig)
Reading next message from client.
Sending msg to client play-fork-run-a5a6c691-71ed-4fa9-867d-895c640ecfa2: (5,KeyLookupResponse(root/playForkConfig,Vector(AttributeKey[play.forkrun.protocol.ForkConfig]("playForkConfig") in Scope(Build: file:/home/jorgeacf/dev/github/libraries-java-examples/akka/play-java-intro/, , Project: ProjectReference(file:/home/jorgeacf/dev/github/libraries-java-examples/akka/play-java-intro/,root)))))
Got request: ListenToValue(AttributeKey[play.forkrun.protocol.ForkConfig]("playForkConfig") in Scope(Build: file:/home/jorgeacf/dev/github/libraries-java-examples/akka/play-java-intro/, , Project: ProjectReference(file:/home/jorgeacf/dev/github/libraries-java-examples/akka/play-java-intro/,root)))
Reading next message from client.
Sending msg to client play-fork-run-a5a6c691-71ed-4fa9-867d-895c640ecfa2: (6,ReceivedResponse())
Got request: KeyExecutionRequest(AttributeKey[play.forkrun.protocol.ForkConfig]("playForkConfig") in Scope(Build: file:/home/jorgeacf/dev/github/libraries-java-examples/akka/play-java-intro/, , Project: ProjectReference(file:/home/jorgeacf/dev/github/libraries-java-examples/akka/play-java-intro/,root)))
Reading next message from client.
Sending msg to client play-fork-run-a5a6c691-71ed-4fa9-867d-895c640ecfa2: (7,ExecutionRequestReceived(7))
Sending msg to client play-fork-run-a5a6c691-71ed-4fa9-867d-895c640ecfa2: ExecutionWaiting(7,{file:/home/jorgeacf/dev/github/libraries-java-examples/akka/play-java-intro/}root/*:playForkConfig,ClientInfo(a5a6c691-71ed-4fa9-867d-895c640ecfa2,play-fork-run,Play Fork Run,1,Vector()))
Sending msg to client play-fork-run-a5a6c691-71ed-4fa9-867d-895c640ecfa2: ExecutionStarting(7)
Sending msg to client play-fork-run-a5a6c691-71ed-4fa9-867d-895c640ecfa2: DetachedLogEvent(LogMessage(debug,> {file:/home/jorgeacf/dev/github/libraries-java-examples/akka/play-java-intro/}root/*:playForkConfig))
Sending msg to client play-fork-run-a5a6c691-71ed-4fa9-867d-895c640ecfa2: DetachedLogEvent(LogMessage(debug,Evaluating tasks: *:playForkConfig))
Sending msg to client play-fork-run-a5a6c691-71ed-4fa9-867d-895c640ecfa2: DetachedLogEvent(LogMessage(debug,Running task... Cancel: sbt.server.ServerTaskCancellation@2e2bde7a, check cycles: false))
Sending msg to client play-fork-run-a5a6c691-71ed-4fa9-867d-895c640ecfa2: DetachedLogEvent(LogMessage(debug,cancel strategy start enabled=true lastCommand=Some(LastCommand(CommandExecutionWork(ExecutionId(7),{file:/home/jorgeacf/dev/github/libraries-java-examples/akka/play-java-intro/}root/*:playForkConfig,Set(LiveClient(play-fork-run a5a6c691-71ed-4fa9-867d-895c640ecfa2)),sbt.server.WorkCancellationStatus$$anon$1@3efdf99a)))))
Sending msg to client play-fork-run-a5a6c691-71ed-4fa9-867d-895c640ecfa2: TaskStarted(7,433,None)
Sending msg to client play-fork-run-a5a6c691-71ed-4fa9-867d-895c640ecfa2: TaskStarted(7,434,None)
Sending msg to client play-fork-run-a5a6c691-71ed-4fa9-867d-895c640ecfa2: TaskStarted(7,436,Some(AttributeKey[scala.Tuple2[java.lang.String,java.io.File]]("playPrefixAndAssets") in Scope(Build: file:/home/jorgeacf/dev/github/libraries-java-examples/akka/play-java-intro/, , Project: ProjectReference(file:/home/jorgeacf/dev/github/libraries-java-examples/akka/play-java-intro/,root))))
Sending msg to client play-fork-run-a5a6c691-71ed-4fa9-867d-895c640ecfa2: TaskStarted(7,437,Some(AttributeKey[scala.Option[java.lang.String]]("mainClass") in Scope(Build: file:/home/jorgeacf/dev/github/libraries-java-examples/akka/play-java-intro/, , Project: ProjectReference(file:/home/jorgeacf/dev/github/libraries-java-examples/akka/play-java-intro/,root), Config: compile, Task: AttributeKey[void]("run"))))
Sending msg to client play-fork-run-a5a6c691-71ed-4fa9-867d-895c640ecfa2: TaskStarted(7,442,None)
Sending msg to client play-fork-run-a5a6c691-71ed-4fa9-867d-895c640ecfa2: TaskStarted(7,459,Some(AttributeKey[scala.Option[scala.collection.Seq[sbt.Resolver]]]("bootResolvers") in Scope(Build: file:/home/jorgeacf/dev/github/libraries-java-examples/akka/play-java-intro/, , Project: ProjectReference(file:/home/jorgeacf/dev/github/libraries-java-examples/akka/play-java-intro/,root))))
Sending msg to client play-fork-run-a5a6c691-71ed-4fa9-867d-895c640ecfa2: TaskStarted(7,460,Some(AttributeKey[scala.collection.Seq[sbt.Resolver]]("externalResolvers") in Scope(Build: file:/home/jorgeacf/dev/github/libraries-java-examples/akka/play-java-intro/, , Project: ProjectReference(file:/home/jorgeacf/dev/github/libraries-java-examples/akka/play-java-intro/,root))))
Sending msg to client play-fork-run-a5a6c691-71ed-4fa9-867d-895c640ecfa2: TaskStarted(7,461,Some(AttributeKey[scala.collection.Seq[sbt.Credentials]]("credentials") in Scope(Global)))
Sending msg to client play-fork-run-a5a6c691-71ed-4fa9-867d-895c640ecfa2: TaskStarted(7,464,None)
Sending msg to client play-fork-run-a5a6c691-71ed-4fa9-867d-895c640ecfa2: TaskStarted(7,469,Some(AttributeKey[java.lang.String]("updateCacheName") in Scope(Build: file:/home/jorgeacf/dev/github/libraries-java-examples/akka/play-java-intro/, , Project: ProjectReference(file:/home/jorgeacf/dev/github/libraries-java-examples/akka/play-java-intro/,root))))
Sending msg to client play-fork-run-a5a6c691-71ed-4fa9-867d-895c640ecfa2: TaskStarted(7,470,None)
Sending msg to client play-fork-run-a5a6c691-71ed-4fa9-867d-895c640ecfa2: TaskStarted(7,472,None)
Sending msg to client play-fork-run-a5a6c691-71ed-4fa9-867d-895c640ecfa2: TaskStarted(7,473,None)
Sending msg to client play-fork-run-a5a6c691-71ed-4fa9-867d-895c640ecfa2: TaskStarted(7,474,Some(AttributeKey[boolean]("skip") in Scope(Global)))
Sending msg to client play-fork-run-a5a6c691-71ed-4fa9-867d-895c640ecfa2: TaskStarted(7,479,None)
Sending msg to client play-fork-run-a5a6c691-71ed-4fa9-867d-895c640ecfa2: TaskStarted(7,484,Some(AttributeKey[scala.collection.Seq[java.lang.String]]("javaOptions") in Scope(Global)))
Sending msg to client play-fork-run-a5a6c691-71ed-4fa9-867d-895c640ecfa2: TaskFinished(7,433,None,true,None)
Sending msg to client play-fork-run-a5a6c691-71ed-4fa9-867d-895c640ecfa2: TaskStarted(7,432,Some(AttributeKey[sbt.BuildStructure]("buildStructure") in Scope(Global)))
Sending msg to client play-fork-run-a5a6c691-71ed-4fa9-867d-895c640ecfa2: TaskStarted(7,465,Some(AttributeKey[java.io.File]("dependencyCacheDirectory") in Scope(Build: file:/home/jorgeacf/dev/github/libraries-java-examples/akka/play-java-intro/, , Project: ProjectReference(file:/home/jorgeacf/dev/github/libraries-java-examples/akka/play-java-intro/,root))))
Sending msg to client play-fork-run-a5a6c691-71ed-4fa9-867d-895c640ecfa2: TaskFinished(7,436,Some(AttributeKey[scala.Tuple2[java.lang.String,java.io.File]]("playPrefixAndAssets") in Scope(Build: file:/home/jorgeacf/dev/github/libraries-java-examples/akka/play-java-intro/, , Project: ProjectReference(file:/home/jorgeacf/dev/github/libraries-java-examples/akka/play-java-intro/,root))),true,None)
Sending msg to client play-fork-run-a5a6c691-71ed-4fa9-867d-895c640ecfa2: TaskStarted(7,435,Some(AttributeKey[scala.collection.Seq[scala.Tuple2[java.lang.String,java.io.File]]]("playAllAssets") in Scope(Build: file:/home/jorgeacf/dev/github/libraries-java-examples/akka/play-java-intro/, , Project: ProjectReference(file:/home/jorgeacf/dev/github/libraries-java-examples/akka/play-java-intro/,root))))
Sending msg to client play-fork-run-a5a6c691-71ed-4fa9-867d-895c640ecfa2: TaskFinished(7,437,Some(AttributeKey[scala.Option[java.lang.String]]("mainClass") in Scope(Build: file:/home/jorgeacf/dev/github/libraries-java-examples/akka/play-java-intro/, , Project: ProjectReference(file:/home/jorgeacf/dev/github/libraries-java-examples/akka/play-java-intro/,root), Config: compile, Task: AttributeKey[void]("run"))),true,None)
Sending msg to client play-fork-run-a5a6c691-71ed-4fa9-867d-895c640ecfa2: TaskFinished(7,442,None,true,None)
Sending msg to client play-fork-run-a5a6c691-71ed-4fa9-867d-895c640ecfa2: TaskStarted(7,441,None)
Sending msg to client play-fork-run-a5a6c691-71ed-4fa9-867d-895c640ecfa2: TaskStarted(7,454,None)
Sending msg to client play-fork-run-a5a6c691-71ed-4fa9-867d-895c640ecfa2: TaskStarted(7,458,None)
Sending msg to client play-fork-run-a5a6c691-71ed-4fa9-867d-895c640ecfa2: TaskStarted(7,462,None)
Sending msg to client play-fork-run-a5a6c691-71ed-4fa9-867d-895c640ecfa2: TaskStarted(7,468,None)
Sending msg to client play-fork-run-a5a6c691-71ed-4fa9-867d-895c640ecfa2: TaskStarted(7,475,None)
Sending msg to client play-fork-run-a5a6c691-71ed-4fa9-867d-895c640ecfa2: TaskStarted(7,480,None)
Sending msg to client play-fork-run-a5a6c691-71ed-4fa9-867d-895c640ecfa2: TaskStarted(7,481,None)
Sending msg to client play-fork-run-a5a6c691-71ed-4fa9-867d-895c640ecfa2: TaskFinished(7,434,None,true,None)
Sending msg to client play-fork-run-a5a6c691-71ed-4fa9-867d-895c640ecfa2: TaskFinished(7,459,Some(AttributeKey[scala.Option[scala.collection.Seq[sbt.Resolver]]]("bootResolvers") in Scope(Build: file:/home/jorgeacf/dev/github/libraries-java-examples/akka/play-java-intro/, , Project: ProjectReference(file:/home/jorgeacf/dev/github/libraries-java-examples/akka/play-java-intro/,root))),true,None)
Sending msg to client play-fork-run-a5a6c691-71ed-4fa9-867d-895c640ecfa2: TaskFinished(7,460,Some(AttributeKey[scala.collection.Seq[sbt.Resolver]]("externalResolvers") in Scope(Build: file:/home/jorgeacf/dev/github/libraries-java-examples/akka/play-java-intro/, , Project: ProjectReference(file:/home/jorgeacf/dev/github/libraries-java-examples/akka/play-java-intro/,root))),true,None)
Sending msg to client play-fork-run-a5a6c691-71ed-4fa9-867d-895c640ecfa2: TaskFinished(7,461,Some(AttributeKey[scala.collection.Seq[sbt.Credentials]]("credentials") in Scope(Global)),true,None)
Sending msg to client play-fork-run-a5a6c691-71ed-4fa9-867d-895c640ecfa2: TaskFinished(7,464,None,true,None)
Sending msg to client play-fork-run-a5a6c691-71ed-4fa9-867d-895c640ecfa2: TaskFinished(7,469,Some(AttributeKey[java.lang.String]("updateCacheName") in Scope(Build: file:/home/jorgeacf/dev/github/libraries-java-examples/akka/play-java-intro/, , Project: ProjectReference(file:/home/jorgeacf/dev/github/libraries-java-examples/akka/play-java-intro/,root))),true,None)
Sending msg to client play-fork-run-a5a6c691-71ed-4fa9-867d-895c640ecfa2: TaskFinished(7,470,None,true,None)
Sending msg to client play-fork-run-a5a6c691-71ed-4fa9-867d-895c640ecfa2: TaskFinished(7,472,None,true,None)
Sending msg to client play-fork-run-a5a6c691-71ed-4fa9-867d-895c640ecfa2: TaskFinished(7,473,None,true,None)
Sending msg to client play-fork-run-a5a6c691-71ed-4fa9-867d-895c640ecfa2: TaskStarted(7,471,Some(AttributeKey[scala.collection.Seq[sbt.UpdateReport]]("transitiveUpdate") in Scope(Build: file:/home/jorgeacf/dev/github/libraries-java-examples/akka/play-java-intro/, , Project: ProjectReference(file:/home/jorgeacf/dev/github/libraries-java-examples/akka/play-java-intro/,root))))
Sending msg to client play-fork-run-a5a6c691-71ed-4fa9-867d-895c640ecfa2: TaskFinished(7,474,Some(AttributeKey[boolean]("skip") in Scope(Global)),true,None)
Sending msg to client play-fork-run-a5a6c691-71ed-4fa9-867d-895c640ecfa2: TaskFinished(7,479,None,true,None)
Sending msg to client play-fork-run-a5a6c691-71ed-4fa9-867d-895c640ecfa2: TaskFinished(7,484,Some(AttributeKey[scala.collection.Seq[java.lang.String]]("javaOptions") in Scope(Global)),true,None)
Sending msg to client play-fork-run-a5a6c691-71ed-4fa9-867d-895c640ecfa2: TaskFinished(7,432,Some(AttributeKey[sbt.BuildStructure]("buildStructure") in Scope(Global)),true,None)
Sending msg to client play-fork-run-a5a6c691-71ed-4fa9-867d-895c640ecfa2: TaskStarted(7,431,Some(AttributeKey[sbt.Settings[sbt.Scope]]("settingsData") in Scope(Global)))
Sending msg to client play-fork-run-a5a6c691-71ed-4fa9-867d-895c640ecfa2: TaskFinished(7,465,Some(AttributeKey[java.io.File]("dependencyCacheDirectory") in Scope(Build: file:/home/jorgeacf/dev/github/libraries-java-examples/akka/play-java-intro/, , Project: ProjectReference(file:/home/jorgeacf/dev/github/libraries-java-examples/akka/play-java-intro/,root))),true,None)
Sending msg to client play-fork-run-a5a6c691-71ed-4fa9-867d-895c640ecfa2: TaskFinished(7,435,Some(AttributeKey[scala.collection.Seq[scala.Tuple2[java.lang.String,java.io.File]]]("playAllAssets") in Scope(Build: file:/home/jorgeacf/dev/github/libraries-java-examples/akka/play-java-intro/, , Project: ProjectReference(file:/home/jorgeacf/dev/github/libraries-java-examples/akka/play-java-intro/,root))),true,None)
Sending msg to client play-fork-run-a5a6c691-71ed-4fa9-867d-895c640ecfa2: TaskFinished(7,441,None,true,None)
Sending msg to client play-fork-run-a5a6c691-71ed-4fa9-867d-895c640ecfa2: TaskFinished(7,454,None,true,None)
Sending msg to client play-fork-run-a5a6c691-71ed-4fa9-867d-895c640ecfa2: TaskFinished(7,458,None,true,None)
Sending msg to client play-fork-run-a5a6c691-71ed-4fa9-867d-895c640ecfa2: TaskFinished(7,468,None,true,None)
Sending msg to client play-fork-run-a5a6c691-71ed-4fa9-867d-895c640ecfa2: TaskStarted(7,467,Some(AttributeKey[scala.collection.immutable.Map[sbt.ModuleID,sbt.SourcePosition]]("dependencyPositions") in Scope(Build: file:/home/jorgeacf/dev/github/libraries-java-examples/akka/play-java-intro/, , Project: ProjectReference(file:/home/jorgeacf/dev/github/libraries-java-examples/akka/play-java-intro/,root))))
Sending msg to client play-fork-run-a5a6c691-71ed-4fa9-867d-895c640ecfa2: TaskFinished(7,475,None,true,None)
Sending msg to client play-fork-run-a5a6c691-71ed-4fa9-867d-895c640ecfa2: TaskFinished(7,462,None,true,None)
Sending msg to client play-fork-run-a5a6c691-71ed-4fa9-867d-895c640ecfa2: TaskFinished(7,481,None,true,None)
Sending msg to client play-fork-run-a5a6c691-71ed-4fa9-867d-895c640ecfa2: TaskFinished(7,480,None,true,None)
Sending msg to client play-fork-run-a5a6c691-71ed-4fa9-867d-895c640ecfa2: TaskFinished(7,471,Some(AttributeKey[scala.collection.Seq[sbt.UpdateReport]]("transitiveUpdate") in Scope(Build: file:/home/jorgeacf/dev/github/libraries-java-examples/akka/play-java-intro/, , Project: ProjectReference(file:/home/jorgeacf/dev/github/libraries-java-examples/akka/play-java-intro/,root))),true,None)
Sending msg to client play-fork-run-a5a6c691-71ed-4fa9-867d-895c640ecfa2: TaskFinished(7,431,Some(AttributeKey[sbt.Settings[sbt.Scope]]("settingsData") in Scope(Global)),true,None)
Sending msg to client play-fork-run-a5a6c691-71ed-4fa9-867d-895c640ecfa2: TaskStarted(7,430,Some(AttributeKey[scala.collection.Seq[java.io.File]]("playMonitoredFiles") in Scope(Build: file:/home/jorgeacf/dev/github/libraries-java-examples/akka/play-java-intro/, , Project: ProjectReference(file:/home/jorgeacf/dev/github/libraries-java-examples/akka/play-java-intro/,root))))
Sending msg to client play-fork-run-a5a6c691-71ed-4fa9-867d-895c640ecfa2: TaskStarted(7,443,None)
Sending msg to client play-fork-run-a5a6c691-71ed-4fa9-867d-895c640ecfa2: TaskStarted(7,451,Some(AttributeKey[scala.collection.Seq[sbt.ModuleID]]("projectDependencies") in Scope(Build: file:/home/jorgeacf/dev/github/libraries-java-examples/akka/play-java-intro/, , Project: ProjectReference(file:/home/jorgeacf/dev/github/libraries-java-examples/akka/play-java-intro/,root))))
Sending msg to client play-fork-run-a5a6c691-71ed-4fa9-867d-895c640ecfa2: TaskStarted(7,457,Some(AttributeKey[scala.collection.immutable.Map[org.apache.ivy.core.module.id.ModuleRevisionId,org.apache.ivy.core.module.descriptor.ModuleDescriptor]]("projectDescriptors") in Scope(Build: file:/home/jorgeacf/dev/github/libraries-java-examples/akka/play-java-intro/, , Project: ProjectReference(file:/home/jorgeacf/dev/github/libraries-java-examples/akka/play-java-intro/,root))))
Sending msg to client play-fork-run-a5a6c691-71ed-4fa9-867d-895c640ecfa2: TaskStarted(7,463,None)
Sending msg to client play-fork-run-a5a6c691-71ed-4fa9-867d-895c640ecfa2: TaskFinished(7,467,Some(AttributeKey[scala.collection.immutable.Map[sbt.ModuleID,sbt.SourcePosition]]("dependencyPositions") in Scope(Build: file:/home/jorgeacf/dev/github/libraries-java-examples/akka/play-java-intro/, , Project: ProjectReference(file:/home/jorgeacf/dev/github/libraries-java-examples/akka/play-java-intro/,root))),true,None)
Sending msg to client play-fork-run-a5a6c691-71ed-4fa9-867d-895c640ecfa2: TaskStarted(7,466,Some(AttributeKey[sbt.UnresolvedWarningConfiguration]("unresolvedWarningConfiguration") in Scope(Build: file:/home/jorgeacf/dev/github/libraries-java-examples/akka/play-java-intro/, , Project: ProjectReference(file:/home/jorgeacf/dev/github/libraries-java-examples/akka/play-java-intro/,root), Task: AttributeKey[sbt.UpdateReport]("update"))))
Sending msg to client play-fork-run-a5a6c691-71ed-4fa9-867d-895c640ecfa2: TaskStarted(7,485,None)
Sending msg to client play-fork-run-a5a6c691-71ed-4fa9-867d-895c640ecfa2: TaskStarted(7,490,None)
Sending msg to client play-fork-run-a5a6c691-71ed-4fa9-867d-895c640ecfa2: TaskStarted(7,491,None)
Sending msg to client play-fork-run-a5a6c691-71ed-4fa9-867d-895c640ecfa2: TaskStarted(7,493,None)
Sending msg to client play-fork-run-a5a6c691-71ed-4fa9-867d-895c640ecfa2: TaskStarted(7,495,None)
Sending msg to client play-fork-run-a5a6c691-71ed-4fa9-867d-895c640ecfa2: TaskStarted(7,496,None)
Sending msg to client play-fork-run-a5a6c691-71ed-4fa9-867d-895c640ecfa2: TaskFinished(7,451,Some(AttributeKey[scala.collection.Seq[sbt.ModuleID]]("projectDependencies") in Scope(Build: file:/home/jorgeacf/dev/github/libraries-java-examples/akka/play-java-intro/, , Project: ProjectReference(file:/home/jorgeacf/dev/github/libraries-java-examples/akka/play-java-intro/,root))),true,None)
Sending msg to client play-fork-run-a5a6c691-71ed-4fa9-867d-895c640ecfa2: TaskStarted(7,450,Some(AttributeKey[scala.collection.Seq[sbt.ModuleID]]("allDependencies") in Scope(Build: file:/home/jorgeacf/dev/github/libraries-java-examples/akka/play-java-intro/, , Project: ProjectReference(file:/home/jorgeacf/dev/github/libraries-java-examples/akka/play-java-intro/,root))))
Sending msg to client play-fork-run-a5a6c691-71ed-4fa9-867d-895c640ecfa2: TaskStarted(7,497,None)
Sending msg to client play-fork-run-a5a6c691-71ed-4fa9-867d-895c640ecfa2: TaskStarted(7,499,None)
Sending msg to client play-fork-run-a5a6c691-71ed-4fa9-867d-895c640ecfa2: TaskFinished(7,466,Some(AttributeKey[sbt.UnresolvedWarningConfiguration]("unresolvedWarningConfiguration") in Scope(Build: file:/home/jorgeacf/dev/github/libraries-java-examples/akka/play-java-intro/, , Project: ProjectReference(file:/home/jorgeacf/dev/github/libraries-java-examples/akka/play-java-intro/,root), Task: AttributeKey[sbt.UpdateReport]("update"))),true,None)
Sending msg to client play-fork-run-a5a6c691-71ed-4fa9-867d-895c640ecfa2: TaskFinished(7,490,None,true,None)
Sending msg to client play-fork-run-a5a6c691-71ed-4fa9-867d-895c640ecfa2: TaskFinished(7,491,None,true,None)
Sending msg to client play-fork-run-a5a6c691-71ed-4fa9-867d-895c640ecfa2: TaskStarted(7,489,Some(AttributeKey[scala.collection.Seq[sbt.Attributed[java.io.File]]]("unmanagedJars") in Scope(Build: file:/home/jorgeacf/dev/github/libraries-java-examples/akka/play-java-intro/, , Project: ProjectReference(file:/home/jorgeacf/dev/github/libraries-java-examples/akka/play-java-intro/,root), Config: compile)))
Sending msg to client play-fork-run-a5a6c691-71ed-4fa9-867d-895c640ecfa2: TaskFinished(7,493,None,true,None)
Sending msg to client play-fork-run-a5a6c691-71ed-4fa9-867d-895c640ecfa2: TaskStarted(7,492,None)
Sending msg to client play-fork-run-a5a6c691-71ed-4fa9-867d-895c640ecfa2: TaskFinished(7,495,None,true,None)
Sending msg to client play-fork-run-a5a6c691-71ed-4fa9-867d-895c640ecfa2: TaskFinished(7,496,None,true,None)
Sending msg to client play-fork-run-a5a6c691-71ed-4fa9-867d-895c640ecfa2: TaskStarted(7,494,Some(AttributeKey[scala.collection.Seq[sbt.Attributed[java.io.File]]]("unmanagedJars") in Scope(Build: file:/home/jorgeacf/dev/github/libraries-java-examples/akka/play-java-intro/, , Project: ProjectReference(file:/home/jorgeacf/dev/github/libraries-java-examples/akka/play-java-intro/,root), Config: runtime)))
Sending msg to client play-fork-run-a5a6c691-71ed-4fa9-867d-895c640ecfa2: TaskFinished(7,450,Some(AttributeKey[scala.collection.Seq[sbt.ModuleID]]("allDependencies") in Scope(Build: file:/home/jorgeacf/dev/github/libraries-java-examples/akka/play-java-intro/, , Project: ProjectReference(file:/home/jorgeacf/dev/github/libraries-java-examples/akka/play-java-intro/,root))),true,None)
Sending msg to client play-fork-run-a5a6c691-71ed-4fa9-867d-895c640ecfa2: TaskStarted(7,449,Some(AttributeKey[sbt.ModuleSettings]("moduleSettings") in Scope(Build: file:/home/jorgeacf/dev/github/libraries-java-examples/akka/play-java-intro/, , Project: ProjectReference(file:/home/jorgeacf/dev/github/libraries-java-examples/akka/play-java-intro/,root))))
Sending msg to client play-fork-run-a5a6c691-71ed-4fa9-867d-895c640ecfa2: TaskFinished(7,497,None,true,None)
Sending msg to client play-fork-run-a5a6c691-71ed-4fa9-867d-895c640ecfa2: TaskFinished(7,463,None,true,None)
Sending msg to client play-fork-run-a5a6c691-71ed-4fa9-867d-895c640ecfa2: TaskFinished(7,499,None,true,None)
Sending msg to client play-fork-run-a5a6c691-71ed-4fa9-867d-895c640ecfa2: TaskStarted(7,498,None)
Sending msg to client play-fork-run-a5a6c691-71ed-4fa9-867d-895c640ecfa2: TaskFinished(7,489,Some(AttributeKey[scala.collection.Seq[sbt.Attributed[java.io.File]]]("unmanagedJars") in Scope(Build: file:/home/jorgeacf/dev/github/libraries-java-examples/akka/play-java-intro/, , Project: ProjectReference(file:/home/jorgeacf/dev/github/libraries-java-examples/akka/play-java-intro/,root), Config: compile)),true,None)
Sending msg to client play-fork-run-a5a6c691-71ed-4fa9-867d-895c640ecfa2: TaskStarted(7,500,None)
Sending msg to client play-fork-run-a5a6c691-71ed-4fa9-867d-895c640ecfa2: TaskFinished(7,485,None,true,None)
Sending msg to client play-fork-run-a5a6c691-71ed-4fa9-867d-895c640ecfa2: TaskFinished(7,430,Some(AttributeKey[scala.collection.Seq[java.io.File]]("playMonitoredFiles") in Scope(Build: file:/home/jorgeacf/dev/github/libraries-java-examples/akka/play-java-intro/, , Project: ProjectReference(file:/home/jorgeacf/dev/github/libraries-java-examples/akka/play-java-intro/,root))),true,None)
Sending msg to client play-fork-run-a5a6c691-71ed-4fa9-867d-895c640ecfa2: TaskFinished(7,494,Some(AttributeKey[scala.collection.Seq[sbt.Attributed[java.io.File]]]("unmanagedJars") in Scope(Build: file:/home/jorgeacf/dev/github/libraries-java-examples/akka/play-java-intro/, , Project: ProjectReference(file:/home/jorgeacf/dev/github/libraries-java-examples/akka/play-java-intro/,root), Config: runtime)),true,None)
Sending msg to client play-fork-run-a5a6c691-71ed-4fa9-867d-895c640ecfa2: TaskFinished(7,449,Some(AttributeKey[sbt.ModuleSettings]("moduleSettings") in Scope(Build: file:/home/jorgeacf/dev/github/libraries-java-examples/akka/play-java-intro/, , Project: ProjectReference(file:/home/jorgeacf/dev/github/libraries-java-examples/akka/play-java-intro/,root))),true,None)
Sending msg to client play-fork-run-a5a6c691-71ed-4fa9-867d-895c640ecfa2: TaskFinished(7,498,None,true,None)
Sending msg to client play-fork-run-a5a6c691-71ed-4fa9-867d-895c640ecfa2: TaskFinished(7,457,Some(AttributeKey[scala.collection.immutable.Map[org.apache.ivy.core.module.id.ModuleRevisionId,org.apache.ivy.core.module.descriptor.ModuleDescriptor]]("projectDescriptors") in Scope(Build: file:/home/jorgeacf/dev/github/libraries-java-examples/akka/play-java-intro/, , Project: ProjectReference(file:/home/jorgeacf/dev/github/libraries-java-examples/akka/play-java-intro/,root))),true,None)
Sending msg to client play-fork-run-a5a6c691-71ed-4fa9-867d-895c640ecfa2: TaskStarted(7,456,Some(AttributeKey[sbt.Resolver]("projectResolver") in Scope(Build: file:/home/jorgeacf/dev/github/libraries-java-examples/akka/play-java-intro/, , Project: ProjectReference(file:/home/jorgeacf/dev/github/libraries-java-examples/akka/play-java-intro/,root))))
Sending msg to client play-fork-run-a5a6c691-71ed-4fa9-867d-895c640ecfa2: TaskFinished(7,500,None,true,None)
Sending msg to client play-fork-run-a5a6c691-71ed-4fa9-867d-895c640ecfa2: TaskFinished(7,492,None,true,None)
Sending msg to client play-fork-run-a5a6c691-71ed-4fa9-867d-895c640ecfa2: TaskStarted(7,488,Some(AttributeKey[scala.collection.Seq[sbt.Attributed[java.io.File]]]("unmanagedJars") in Scope(Build: file:/home/jorgeacf/dev/github/libraries-java-examples/akka/play-java-intro/, , Project: ProjectReference(file:/home/jorgeacf/dev/github/libraries-java-examples/akka/play-java-intro/,root), Config: compile)))
Sending msg to client play-fork-run-a5a6c691-71ed-4fa9-867d-895c640ecfa2: TaskFinished(7,456,Some(AttributeKey[sbt.Resolver]("projectResolver") in Scope(Build: file:/home/jorgeacf/dev/github/libraries-java-examples/akka/play-java-intro/, , Project: ProjectReference(file:/home/jorgeacf/dev/github/libraries-java-examples/akka/play-java-intro/,root))),true,None)
Sending msg to client play-fork-run-a5a6c691-71ed-4fa9-867d-895c640ecfa2: TaskStarted(7,455,Some(AttributeKey[scala.collection.Seq[sbt.Resolver]]("fullResolvers") in Scope(Build: file:/home/jorgeacf/dev/github/libraries-java-examples/akka/play-java-intro/, , Project: ProjectReference(file:/home/jorgeacf/dev/github/libraries-java-examples/akka/play-java-intro/,root))))
Sending msg to client play-fork-run-a5a6c691-71ed-4fa9-867d-895c640ecfa2: TaskFinished(7,488,Some(AttributeKey[scala.collection.Seq[sbt.Attributed[java.io.File]]]("unmanagedJars") in Scope(Build: file:/home/jorgeacf/dev/github/libraries-java-examples/akka/play-java-intro/, , Project: ProjectReference(file:/home/jorgeacf/dev/github/libraries-java-examples/akka/play-java-intro/,root), Config: compile)),true,None)
Sending msg to client play-fork-run-a5a6c691-71ed-4fa9-867d-895c640ecfa2: TaskStarted(7,487,None)
Sending msg to client play-fork-run-a5a6c691-71ed-4fa9-867d-895c640ecfa2: TaskFinished(7,455,Some(AttributeKey[scala.collection.Seq[sbt.Resolver]]("fullResolvers") in Scope(Build: file:/home/jorgeacf/dev/github/libraries-java-examples/akka/play-java-intro/, , Project: ProjectReference(file:/home/jorgeacf/dev/github/libraries-java-examples/akka/play-java-intro/,root))),true,None)
Sending msg to client play-fork-run-a5a6c691-71ed-4fa9-867d-895c640ecfa2: TaskStarted(7,453,Some(AttributeKey[sbt.IvyConfiguration]("ivyConfiguration") in Scope(Build: file:/home/jorgeacf/dev/github/libraries-java-examples/akka/play-java-intro/, , Project: ProjectReference(file:/home/jorgeacf/dev/github/libraries-java-examples/akka/play-java-intro/,root))))
Sending msg to client play-fork-run-a5a6c691-71ed-4fa9-867d-895c640ecfa2: TaskFinished(7,487,None,true,None)
Sending msg to client play-fork-run-a5a6c691-71ed-4fa9-867d-895c640ecfa2: TaskStarted(7,486,None)
Sending msg to client play-fork-run-a5a6c691-71ed-4fa9-867d-895c640ecfa2: TaskFinished(7,453,Some(AttributeKey[sbt.IvyConfiguration]("ivyConfiguration") in Scope(Build: file:/home/jorgeacf/dev/github/libraries-java-examples/akka/play-java-intro/, , Project: ProjectReference(file:/home/jorgeacf/dev/github/libraries-java-examples/akka/play-java-intro/,root))),true,None)
Sending msg to client play-fork-run-a5a6c691-71ed-4fa9-867d-895c640ecfa2: TaskStarted(7,452,Some(AttributeKey[sbt.IvySbt]("ivySbt") in Scope(Build: file:/home/jorgeacf/dev/github/libraries-java-examples/akka/play-java-intro/, , Project: ProjectReference(file:/home/jorgeacf/dev/github/libraries-java-examples/akka/play-java-intro/,root))))
Sending msg to client play-fork-run-a5a6c691-71ed-4fa9-867d-895c640ecfa2: TaskFinished(7,486,None,true,None)
Sending msg to client play-fork-run-a5a6c691-71ed-4fa9-867d-895c640ecfa2: TaskFinished(7,443,None,true,None)
Sending msg to client play-fork-run-a5a6c691-71ed-4fa9-867d-895c640ecfa2: TaskStarted(7,440,Some(AttributeKey[scala.collection.Seq[sbt.Attributed[java.io.File]]]("unmanagedClasspath") in Scope(Build: file:/home/jorgeacf/dev/github/libraries-java-examples/akka/play-java-intro/, , Project: ProjectReference(file:/home/jorgeacf/dev/github/libraries-java-examples/akka/play-java-intro/,root), Config: runtime)))
Sending msg to client play-fork-run-a5a6c691-71ed-4fa9-867d-895c640ecfa2: TaskFinished(7,452,Some(AttributeKey[sbt.IvySbt]("ivySbt") in Scope(Build: file:/home/jorgeacf/dev/github/libraries-java-examples/akka/play-java-intro/, , Project: ProjectReference(file:/home/jorgeacf/dev/github/libraries-java-examples/akka/play-java-intro/,root))),true,None)
Sending msg to client play-fork-run-a5a6c691-71ed-4fa9-867d-895c640ecfa2: TaskStarted(7,448,Some(AttributeKey[sbt.IvySbt$Module]("ivyModule") in Scope(Build: file:/home/jorgeacf/dev/github/libraries-java-examples/akka/play-java-intro/, , Project: ProjectReference(file:/home/jorgeacf/dev/github/libraries-java-examples/akka/play-java-intro/,root))))
Sending msg to client play-fork-run-a5a6c691-71ed-4fa9-867d-895c640ecfa2: TaskFinished(7,440,Some(AttributeKey[scala.collection.Seq[sbt.Attributed[java.io.File]]]("unmanagedClasspath") in Scope(Build: file:/home/jorgeacf/dev/github/libraries-java-examples/akka/play-java-intro/, , Project: ProjectReference(file:/home/jorgeacf/dev/github/libraries-java-examples/akka/play-java-intro/,root), Config: runtime)),true,None)
Sending msg to client play-fork-run-a5a6c691-71ed-4fa9-867d-895c640ecfa2: TaskFinished(7,448,Some(AttributeKey[sbt.IvySbt$Module]("ivyModule") in Scope(Build: file:/home/jorgeacf/dev/github/libraries-java-examples/akka/play-java-intro/, , Project: ProjectReference(file:/home/jorgeacf/dev/github/libraries-java-examples/akka/play-java-intro/,root))),true,None)
Sending msg to client play-fork-run-a5a6c691-71ed-4fa9-867d-895c640ecfa2: TaskStarted(7,447,Some(AttributeKey[sbt.UpdateReport]("update") in Scope(Build: file:/home/jorgeacf/dev/github/libraries-java-examples/akka/play-java-intro/, , Project: ProjectReference(file:/home/jorgeacf/dev/github/libraries-java-examples/akka/play-java-intro/,root))))
Sending msg to client play-fork-run-a5a6c691-71ed-4fa9-867d-895c640ecfa2: TaskFinished(7,447,Some(AttributeKey[sbt.UpdateReport]("update") in Scope(Build: file:/home/jorgeacf/dev/github/libraries-java-examples/akka/play-java-intro/, , Project: ProjectReference(file:/home/jorgeacf/dev/github/libraries-java-examples/akka/play-java-intro/,root))),true,None)
Sending msg to client play-fork-run-a5a6c691-71ed-4fa9-867d-895c640ecfa2: TaskStarted(7,446,Some(AttributeKey[sbt.UpdateReport]("update") in Scope(Build: file:/home/jorgeacf/dev/github/libraries-java-examples/akka/play-java-intro/, , Project: ProjectReference(file:/home/jorgeacf/dev/github/libraries-java-examples/akka/play-java-intro/,root))))
Sending msg to client play-fork-run-a5a6c691-71ed-4fa9-867d-895c640ecfa2: TaskFinished(7,446,Some(AttributeKey[sbt.UpdateReport]("update") in Scope(Build: file:/home/jorgeacf/dev/github/libraries-java-examples/akka/play-java-intro/, , Project: ProjectReference(file:/home/jorgeacf/dev/github/libraries-java-examples/akka/play-java-intro/,root))),true,None)
Sending msg to client play-fork-run-a5a6c691-71ed-4fa9-867d-895c640ecfa2: TaskStarted(7,478,Some(AttributeKey[sbt.Configuration]("classpathConfiguration") in Scope(Build: file:/home/jorgeacf/dev/github/libraries-java-examples/akka/play-java-intro/, , Project: ProjectReference(file:/home/jorgeacf/dev/github/libraries-java-examples/akka/play-java-intro/,root), Config: compile)))
Sending msg to client play-fork-run-a5a6c691-71ed-4fa9-867d-895c640ecfa2: TaskStarted(7,483,Some(AttributeKey[scala.collection.Seq[sbt.Attributed[java.io.File]]]("managedClasspath") in Scope(Build: file:/home/jorgeacf/dev/github/libraries-java-examples/akka/play-java-intro/, , Project: ProjectReference(file:/home/jorgeacf/dev/github/libraries-java-examples/akka/play-java-intro/,root), Config: docs)))
Sending msg to client play-fork-run-a5a6c691-71ed-4fa9-867d-895c640ecfa2: TaskFinished(7,478,Some(AttributeKey[sbt.Configuration]("classpathConfiguration") in Scope(Build: file:/home/jorgeacf/dev/github/libraries-java-examples/akka/play-java-intro/, , Project: ProjectReference(file:/home/jorgeacf/dev/github/libraries-java-examples/akka/play-java-intro/,root), Config: compile)),true,None)
Sending msg to client play-fork-run-a5a6c691-71ed-4fa9-867d-895c640ecfa2: TaskStarted(7,477,None)
Sending msg to client play-fork-run-a5a6c691-71ed-4fa9-867d-895c640ecfa2: TaskFinished(7,483,Some(AttributeKey[scala.collection.Seq[sbt.Attributed[java.io.File]]]("managedClasspath") in Scope(Build: file:/home/jorgeacf/dev/github/libraries-java-examples/akka/play-java-intro/, , Project: ProjectReference(file:/home/jorgeacf/dev/github/libraries-java-examples/akka/play-java-intro/,root), Config: docs)),true,None)
Sending msg to client play-fork-run-a5a6c691-71ed-4fa9-867d-895c640ecfa2: TaskStarted(7,482,Some(AttributeKey[scala.Option[java.io.File]]("playDocsJar") in Scope(Build: file:/home/jorgeacf/dev/github/libraries-java-examples/akka/play-java-intro/, , Project: ProjectReference(file:/home/jorgeacf/dev/github/libraries-java-examples/akka/play-java-intro/,root))))
Sending msg to client play-fork-run-a5a6c691-71ed-4fa9-867d-895c640ecfa2: TaskFinished(7,477,None,true,None)
Sending msg to client play-fork-run-a5a6c691-71ed-4fa9-867d-895c640ecfa2: TaskStarted(7,476,Some(AttributeKey[sbt.Configuration]("classpathConfiguration") in Scope(Build: file:/home/jorgeacf/dev/github/libraries-java-examples/akka/play-java-intro/, , Project: ProjectReference(file:/home/jorgeacf/dev/github/libraries-java-examples/akka/play-java-intro/,root), Config: runtime)))
Sending msg to client play-fork-run-a5a6c691-71ed-4fa9-867d-895c640ecfa2: TaskFinished(7,482,Some(AttributeKey[scala.Option[java.io.File]]("playDocsJar") in Scope(Build: file:/home/jorgeacf/dev/github/libraries-java-examples/akka/play-java-intro/, , Project: ProjectReference(file:/home/jorgeacf/dev/github/libraries-java-examples/akka/play-java-intro/,root))),true,None)
Sending msg to client play-fork-run-a5a6c691-71ed-4fa9-867d-895c640ecfa2: TaskFinished(7,476,Some(AttributeKey[sbt.Configuration]("classpathConfiguration") in Scope(Build: file:/home/jorgeacf/dev/github/libraries-java-examples/akka/play-java-intro/, , Project: ProjectReference(file:/home/jorgeacf/dev/github/libraries-java-examples/akka/play-java-intro/,root), Config: runtime)),true,None)
Sending msg to client play-fork-run-a5a6c691-71ed-4fa9-867d-895c640ecfa2: TaskStarted(7,445,None)
Sending msg to client play-fork-run-a5a6c691-71ed-4fa9-867d-895c640ecfa2: TaskFinished(7,445,None,true,None)
Sending msg to client play-fork-run-a5a6c691-71ed-4fa9-867d-895c640ecfa2: TaskStarted(7,444,Some(AttributeKey[scala.collection.Seq[sbt.Attributed[java.io.File]]]("managedClasspath") in Scope(Build: file:/home/jorgeacf/dev/github/libraries-java-examples/akka/play-java-intro/, , Project: ProjectReference(file:/home/jorgeacf/dev/github/libraries-java-examples/akka/play-java-intro/,root), Config: runtime)))
Sending msg to client play-fork-run-a5a6c691-71ed-4fa9-867d-895c640ecfa2: TaskFinished(7,444,Some(AttributeKey[scala.collection.Seq[sbt.Attributed[java.io.File]]]("managedClasspath") in Scope(Build: file:/home/jorgeacf/dev/github/libraries-java-examples/akka/play-java-intro/, , Project: ProjectReference(file:/home/jorgeacf/dev/github/libraries-java-examples/akka/play-java-intro/,root), Config: runtime)),true,None)
Sending msg to client play-fork-run-a5a6c691-71ed-4fa9-867d-895c640ecfa2: TaskStarted(7,439,None)
Sending msg to client play-fork-run-a5a6c691-71ed-4fa9-867d-895c640ecfa2: TaskFinished(7,439,None,true,None)
Sending msg to client play-fork-run-a5a6c691-71ed-4fa9-867d-895c640ecfa2: TaskStarted(7,438,Some(AttributeKey[scala.collection.Seq[sbt.Attributed[java.io.File]]]("playDependencyClasspath") in Scope(Build: file:/home/jorgeacf/dev/github/libraries-java-examples/akka/play-java-intro/, , Project: ProjectReference(file:/home/jorgeacf/dev/github/libraries-java-examples/akka/play-java-intro/,root))))
Sending msg to client play-fork-run-a5a6c691-71ed-4fa9-867d-895c640ecfa2: TaskFinished(7,438,Some(AttributeKey[scala.collection.Seq[sbt.Attributed[java.io.File]]]("playDependencyClasspath") in Scope(Build: file:/home/jorgeacf/dev/github/libraries-java-examples/akka/play-java-intro/, , Project: ProjectReference(file:/home/jorgeacf/dev/github/libraries-java-examples/akka/play-java-intro/,root))),true,None)
Sending msg to client play-fork-run-a5a6c691-71ed-4fa9-867d-895c640ecfa2: TaskStarted(7,429,Some(AttributeKey[play.forkrun.protocol.ForkConfig]("playForkConfig") in Scope(Build: file:/home/jorgeacf/dev/github/libraries-java-examples/akka/play-java-intro/, , Project: ProjectReference(file:/home/jorgeacf/dev/github/libraries-java-examples/akka/play-java-intro/,root))))
Sending msg to client play-fork-run-a5a6c691-71ed-4fa9-867d-895c640ecfa2: TaskFinished(7,429,Some(AttributeKey[play.forkrun.protocol.ForkConfig]("playForkConfig") in Scope(Build: file:/home/jorgeacf/dev/github/libraries-java-examples/akka/play-java-intro/, , Project: ProjectReference(file:/home/jorgeacf/dev/github/libraries-java-examples/akka/play-java-intro/,root))),true,None)
Sending msg to client play-fork-run-a5a6c691-71ed-4fa9-867d-895c640ecfa2: ValueChanged(AttributeKey[play.forkrun.protocol.ForkConfig]("playForkConfig") in Scope(Build: file:/home/jorgeacf/dev/github/libraries-java-examples/akka/play-java-intro/, , Project: ProjectReference(file:/home/jorgeacf/dev/github/libraries-java-examples/akka/play-java-intro/,root)),TaskSuccess(BuildValue(LazyValue(ForkConfig(/home/jorgeacf/dev/github/libraries-java-examples/akka/play-java-intro,List(),List(/home/jorgeacf/.ivy2/cache/com.typesafe.play/twirl-api_2.10/jars/twirl-api_2.10-1.1.1.jar, /home/jorgeacf/.ivy2/cache/org.scala-lang/scala-library/jars/scala-library-2.10.5.jar, /home/jorgeacf/.ivy2/cache/org.apache.commons/commons-lang3/jars/commons-lang3-3.4.jar, /home/jorgeacf/.ivy2/cache/com.typesafe.play/play-enhancer/jars/play-enhancer-1.1.0.jar, /home/jorgeacf/.ivy2/cache/com.typesafe.play/play-server_2.10/jars/play-server_2.10-2.4.2.jar, /home/jorgeacf/.ivy2/cache/com.typesafe.play/play_2.10/jars/play_2.10-2.4.2.jar, /home/jorgeacf/.ivy2/cache/com.typesafe.play/build-link/jars/build-link-2.4.2.jar, /home/jorgeacf/.ivy2/cache/com.typesafe.play/play-exceptions/jars/play-exceptions-2.4.2.jar, /home/jorgeacf/.ivy2/cache/org.javassist/javassist/bundles/javassist-3.19.0-GA.jar, /home/jorgeacf/.ivy2/cache/com.typesafe.play/play-iteratees_2.10/jars/play-iteratees_2.10-2.4.2.jar, /home/jorgeacf/.ivy2/cache/org.scala-stm/scala-stm_2.10/jars/scala-stm_2.10-0.7.jar, /home/jorgeacf/.ivy2/cache/com.typesafe/config/bundles/config-1.3.0.jar, /home/jorgeacf/.ivy2/cache/com.typesafe.play/play-json_2.10/jars/play-json_2.10-2.4.2.jar, /home/jorgeacf/.ivy2/cache/com.typesafe.play/play-functional_2.10/jars/play-functional_2.10-2.4.2.jar, /home/jorgeacf/.ivy2/cache/com.typesafe.play/play-datacommons_2.10/jars/play-datacommons_2.10-2.4.2.jar, /home/jorgeacf/.ivy2/cache/joda-time/joda-time/jars/joda-time-2.8.1.jar, /home/jorgeacf/.ivy2/cache/org.joda/joda-convert/jars/joda-convert-1.7.jar, /home/jorgeacf/.ivy2/cache/org.scala-lang/scala-reflect/jars/scala-reflect-2.10.5.jar, /home/jorgeacf/.ivy2/cache/com.fasterxml.jackson.core/jackson-core/bundles/jackson-core-2.5.4.jar, /home/jorgeacf/.ivy2/cache/com.fasterxml.jackson.core/jackson-annotations/bundles/jackson-annotations-2.5.4.jar, /home/jorgeacf/.ivy2/cache/com.fasterxml.jackson.core/jackson-databind/bundles/jackson-databind-2.5.4.jar, /home/jorgeacf/.ivy2/cache/com.fasterxml.jackson.datatype/jackson-datatype-jdk8/bundles/jackson-datatype-jdk8-2.5.4.jar, /home/jorgeacf/.ivy2/cache/com.fasterxml.jackson.datatype/jackson-datatype-jsr310/bundles/jackson-datatype-jsr310-2.5.4.jar, /home/jorgeacf/.ivy2/cache/com.typesafe.play/play-netty-utils/jars/play-netty-utils-2.4.2.jar, /home/jorgeacf/.ivy2/cache/org.slf4j/slf4j-api/jars/slf4j-api-1.7.12.jar, /home/jorgeacf/.ivy2/cache/org.slf4j/jul-to-slf4j/jars/jul-to-slf4j-1.7.12.jar, /home/jorgeacf/.ivy2/cache/org.slf4j/jcl-over-slf4j/jars/jcl-over-slf4j-1.7.12.jar, /home/jorgeacf/.ivy2/cache/ch.qos.logback/logback-core/jars/logback-core-1.1.3.jar, /home/jorgeacf/.ivy2/cache/ch.qos.logback/logback-classic/jars/logback-classic-1.1.3.jar, /home/jorgeacf/.ivy2/cache/com.typesafe.akka/akka-actor_2.10/jars/akka-actor_2.10-2.3.11.jar, /home/jorgeacf/.ivy2/cache/com.typesafe.akka/akka-slf4j_2.10/jars/akka-slf4j_2.10-2.3.11.jar, /home/jorgeacf/.ivy2/cache/commons-codec/commons-codec/jars/commons-codec-1.10.jar, /home/jorgeacf/.ivy2/cache/xerces/xercesImpl/jars/xercesImpl-2.11.0.jar, /home/jorgeacf/.ivy2/cache/xml-apis/xml-apis/jars/xml-apis-1.4.01.jar, /home/jorgeacf/.ivy2/cache/javax.transaction/jta/jars/jta-1.1.jar, /home/jorgeacf/.ivy2/cache/com.google.inject/guice/jars/guice-4.0.jar, /home/jorgeacf/.ivy2/cache/javax.inject/javax.inject/jars/javax.inject-1.jar, /home/jorgeacf/.ivy2/cache/aopalliance/aopalliance/jars/aopalliance-1.0.jar, /home/jorgeacf/.ivy2/cache/com.google.inject.extensions/guice-assistedinject/jars/guice-assistedinject-4.0.jar, /home/jorgeacf/.ivy2/cache/com.typesafe.play/play-java_2.10/jars/play-java_2.10-2.4.2.jar, /home/jorgeacf/.ivy2/cache/org.scala-lang.modules/scala-java8-compat_2.10/bundles/scala-java8-compat_2.10-0.3.0.jar, /home/jorgeacf/.ivy2/cache/org.yaml/snakeyaml/bundles/snakeyaml-1.15.jar, /home/jorgeacf/.ivy2/cache/org.hibernate/hibernate-validator/jars/hibernate-validator-5.0.3.Final.jar, /home/jorgeacf/.ivy2/cache/javax.validation/validation-api/jars/validation-api-1.1.0.Final.jar, /home/jorgeacf/.ivy2/cache/com.fasterxml/classmate/bundles/classmate-1.0.0.jar, /home/jorgeacf/.ivy2/cache/org.jboss.logging/jboss-logging/jars/jboss-logging-3.2.1.Final.jar, /home/jorgeacf/.ivy2/cache/org.springframework/spring-context/jars/spring-context-4.1.6.RELEASE.jar, /home/jorgeacf/.ivy2/cache/org.springframework/spring-core/jars/spring-core-4.1.6.RELEASE.jar, /home/jorgeacf/.ivy2/cache/org.springframework/spring-beans/jars/spring-beans-4.1.6.RELEASE.jar, /home/jorgeacf/.ivy2/cache/org.reflections/reflections/jars/reflections-0.9.9.jar, /home/jorgeacf/.ivy2/cache/com.google.guava/guava/bundles/guava-18.0.jar, /home/jorgeacf/.ivy2/cache/com.google.code.findbugs/annotations/jars/annotations-2.0.1.jar, /home/jorgeacf/.ivy2/cache/net.jodah/typetools/bundles/typetools-0.4.1.jar, /home/jorgeacf/.ivy2/cache/com.google.code.findbugs/jsr305/jars/jsr305-2.0.3.jar, /home/jorgeacf/.ivy2/cache/org.apache.tomcat/tomcat-servlet-api/jars/tomcat-servlet-api-8.0.21.jar, /home/jorgeacf/.ivy2/cache/com.typesafe.play/play-netty-server_2.10/jars/play-netty-server_2.10-2.4.2.jar, /home/jorgeacf/.ivy2/cache/io.netty/netty/bundles/netty-3.10.3.Final.jar, /home/jorgeacf/.ivy2/cache/com.typesafe.netty/netty-http-pipelining/jars/netty-http-pipelining-1.1.4.jar, /home/jorgeacf/.ivy2/cache/com.typesafe.play/play-java-jpa_2.10/jars/play-java-jpa_2.10-2.4.2.jar, /home/jorgeacf/.ivy2/cache/com.typesafe.play/play-java-jdbc_2.10/jars/play-java-jdbc_2.10-2.4.2.jar, /home/jorgeacf/.ivy2/cache/com.typesafe.play/play-jdbc_2.10/jars/play-jdbc_2.10-2.4.2.jar, /home/jorgeacf/.ivy2/cache/com.typesafe.play/play-jdbc-api_2.10/jars/play-jdbc-api_2.10-2.4.2.jar, /home/jorgeacf/.ivy2/cache/com.jolbox/bonecp/bundles/bonecp-0.8.0.RELEASE.jar, /home/jorgeacf/.ivy2/cache/com.zaxxer/HikariCP/bundles/HikariCP-2.3.7.jar, /home/jorgeacf/.ivy2/cache/com.h2database/h2/jars/h2-1.4.187.jar, /home/jorgeacf/.ivy2/cache/tyrex/tyrex/jars/tyrex-1.0.1.jar, /home/jorgeacf/.ivy2/cache/org.hibernate.javax.persistence/hibernate-jpa-2.1-api/jars/hibernate-jpa-2.1-api-1.0.0.Final.jar, /home/jorgeacf/.ivy2/cache/org.hibernate/hibernate-entitymanager/jars/hibernate-entitymanager-4.3.7.Final.jar, /home/jorgeacf/.ivy2/cache/org.jboss.logging/jboss-logging-annotations/jars/jboss-logging-annotations-1.2.0.Beta1.jar, /home/jorgeacf/.ivy2/cache/org.hibernate/hibernate-core/jars/hibernate-core-4.3.7.Final.jar, /home/jorgeacf/.ivy2/cache/org.jboss.spec.javax.transaction/jboss-transaction-api_1.2_spec/jars/jboss-transaction-api_1.2_spec-1.0.0.Final.jar, /home/jorgeacf/.ivy2/cache/dom4j/dom4j/jars/dom4j-1.6.1.jar, /home/jorgeacf/.ivy2/cache/org.hibernate.common/hibernate-commons-annotations/jars/hibernate-commons-annotations-4.0.5.Final.jar, /home/jorgeacf/.ivy2/cache/antlr/antlr/jars/antlr-2.7.7.jar, /home/jorgeacf/.ivy2/cache/org.jboss/jandex/jars/jandex-1.1.0.Final.jar),List((public/,/home/jorgeacf/dev/github/libraries-java-examples/akka/play-java-intro/target/web/public/main)),List(/home/jorgeacf/.ivy2/cache/com.typesafe.play/play-omnidoc_2.10/jars/play-omnidoc_2.10-2.4.2.jar, /home/jorgeacf/.ivy2/cache/org.scala-lang/scala-library/jars/scala-library-2.10.5.jar, /home/jorgeacf/.ivy2/cache/com.typesafe.play/play-docs_2.10/jars/play-docs_2.10-2.4.2.jar, /home/jorgeacf/.ivy2/cache/com.typesafe.play/play-netty-server_2.10/jars/play-netty-server_2.10-2.4.2.jar, /home/jorgeacf/.ivy2/cache/com.typesafe.play/play-server_2.10/jars/play-server_2.10-2.4.2.jar, /home/jorgeacf/.ivy2/cache/com.typesafe.play/play_2.10/jars/play_2.10-2.4.2.jar, /home/jorgeacf/.ivy2/cache/com.typesafe.play/build-link/jars/build-link-2.4.2.jar, /home/jorgeacf/.ivy2/cache/com.typesafe.play/play-exceptions/jars/play-exceptions-2.4.2.jar, /home/jorgeacf/.ivy2/cache/org.javassist/javassist/bundles/javassist-3.19.0-GA.jar, /home/jorgeacf/.ivy2/cache/com.typesafe.play/play-iteratees_2.10/jars/play-iteratees_2.10-2.4.2.jar, /home/jorgeacf/.ivy2/cache/org.scala-stm/scala-stm_2.10/jars/scala-stm_2.10-0.7.jar, /home/jorgeacf/.ivy2/cache/com.typesafe/config/bundles/config-1.3.0.jar, /home/jorgeacf/.ivy2/cache/com.typesafe.play/play-json_2.10/jars/play-json_2.10-2.4.2.jar, /home/jorgeacf/.ivy2/cache/com.typesafe.play/play-functional_2.10/jars/play-functional_2.10-2.4.2.jar, /home/jorgeacf/.ivy2/cache/com.typesafe.play/play-datacommons_2.10/jars/play-datacommons_2.10-2.4.2.jar, /home/jorgeacf/.ivy2/cache/joda-time/joda-time/jars/joda-time-2.8.1.jar, /home/jorgeacf/.ivy2/cache/org.joda/joda-convert/jars/joda-convert-1.7.jar, /home/jorgeacf/.ivy2/cache/org.scala-lang/scala-reflect/jars/scala-reflect-2.10.5.jar, /home/jorgeacf/.ivy2/cache/com.fasterxml.jackson.core/jackson-core/bundles/jackson-core-2.5.4.jar, /home/jorgeacf/.ivy2/cache/com.fasterxml.jackson.core/jackson-annotations/bundles/jackson-annotations-2.5.4.jar, /home/jorgeacf/.ivy2/cache/com.fasterxml.jackson.core/jackson-databind/bundles/jackson-databind-2.5.4.jar, /home/jorgeacf/.ivy2/cache/com.fasterxml.jackson.datatype/jackson-datatype-jdk8/bundles/jackson-datatype-jdk8-2.5.4.jar, /home/jorgeacf/.ivy2/cache/com.fasterxml.jackson.datatype/jackson-datatype-jsr310/bundles/jackson-datatype-jsr310-2.5.4.jar, /home/jorgeacf/.ivy2/cache/com.typesafe.play/play-netty-utils/jars/play-netty-utils-2.4.2.jar, /home/jorgeacf/.ivy2/cache/org.slf4j/slf4j-api/jars/slf4j-api-1.7.12.jar, /home/jorgeacf/.ivy2/cache/org.slf4j/jul-to-slf4j/jars/jul-to-slf4j-1.7.12.jar, /home/jorgeacf/.ivy2/cache/org.slf4j/jcl-over-slf4j/jars/jcl-over-slf4j-1.7.12.jar, /home/jorgeacf/.ivy2/cache/com.typesafe.play/twirl-api_2.10/jars/twirl-api_2.10-1.1.1.jar, /home/jorgeacf/.ivy2/cache/org.apache.commons/commons-lang3/jars/commons-lang3-3.4.jar, /home/jorgeacf/.ivy2/cache/ch.qos.logback/logback-core/jars/logback-core-1.1.3.jar, /home/jorgeacf/.ivy2/cache/ch.qos.logback/logback-classic/jars/logback-classic-1.1.3.jar, /home/jorgeacf/.ivy2/cache/com.typesafe.akka/akka-actor_2.10/jars/akka-actor_2.10-2.3.11.jar, /home/jorgeacf/.ivy2/cache/com.typesafe.akka/akka-slf4j_2.10/jars/akka-slf4j_2.10-2.3.11.jar, /home/jorgeacf/.ivy2/cache/commons-codec/commons-codec/jars/commons-codec-1.10.jar, /home/jorgeacf/.ivy2/cache/xerces/xercesImpl/jars/xercesImpl-2.11.0.jar, /home/jorgeacf/.ivy2/cache/xml-apis/xml-apis/jars/xml-apis-1.4.01.jar, /home/jorgeacf/.ivy2/cache/javax.transaction/jta/jars/jta-1.1.jar, /home/jorgeacf/.ivy2/cache/com.google.inject/guice/jars/guice-4.0.jar, /home/jorgeacf/.ivy2/cache/javax.inject/javax.inject/jars/javax.inject-1.jar, /home/jorgeacf/.ivy2/cache/aopalliance/aopalliance/jars/aopalliance-1.0.jar, /home/jorgeacf/.ivy2/cache/com.google.guava/guava/bundles/guava-16.0.1.jar, /home/jorgeacf/.ivy2/cache/com.google.inject.extensions/guice-assistedinject/jars/guice-assistedinject-4.0.jar, /home/jorgeacf/.ivy2/cache/io.netty/netty/bundles/netty-3.10.3.Final.jar, /home/jorgeacf/.ivy2/cache/com.typesafe.netty/netty-http-pipelining/jars/netty-http-pipelining-1.1.4.jar, /home/jorgeacf/.ivy2/cache/com.typesafe.play/play-doc_2.10/jars/play-doc_2.10-1.2.2.jar, /home/jorgeacf/.ivy2/cache/org.pegdown/pegdown/jars/pegdown-1.4.0.jar, /home/jorgeacf/.ivy2/cache/org.parboiled/parboiled-java/bundles/parboiled-java-1.1.5.jar, /home/jorgeacf/.ivy2/cache/org.parboiled/parboiled-core/bundles/parboiled-core-1.1.5.jar, /home/jorgeacf/.ivy2/cache/org.ow2.asm/asm/jars/asm-4.1.jar, /home/jorgeacf/.ivy2/cache/org.ow2.asm/asm-tree/jars/asm-tree-4.1.jar, /home/jorgeacf/.ivy2/cache/org.ow2.asm/asm-analysis/jars/asm-analysis-4.1.jar, /home/jorgeacf/.ivy2/cache/org.ow2.asm/asm-util/jars/asm-util-4.1.jar, /home/jorgeacf/.ivy2/cache/commons-io/commons-io/jars/commons-io-2.4.jar),Some(/home/jorgeacf/.ivy2/cache/com.typesafe.play/play-omnidoc_2.10/jars/play-omnidoc_2.10-2.4.2.jar),List(),9000,0.0.0.0,DefaultWatchService,List(/home/jorgeacf/dev/github/libraries-java-examples/akka/play-java-intro/public, /home/jorgeacf/dev/github/libraries-java-examples/akka/play-java-intro/conf, /home/jorgeacf/dev/github/libraries-java-examples/akka/play-java-intro/app),/home/jorgeacf/dev/github/libraries-java-examples/akka/play-java-intro/target,500,root/playForkNotifyStart,root/playForkReload,300000,play.core.server.DevServerStart),scala.pickling.PicklerUnpickler$DelegatingPicklerUnpickler@5743c5d9),ForkConfig(/home/jorgeacf/dev/github/libraries-java-examples/akka/play-java-intro,List(),List(/home/jorgeacf/.ivy2/cache/com.typesafe.play/twirl-api_2.10/jars/twirl-api_2.10-1.1.1.jar, /home/jorgeacf/.ivy2/cache/org.scala-lang/scala-library/jars/scala-library-2.10.5.jar, /home/jorgeacf/.ivy2/cache/org.apache.commons/commons-lang3/jars/commons-lang3-3.4.jar, /home/jorgeacf/.ivy2/cache/com.typesafe.play/play-enhancer/jars/play-enhancer-1.1.0.jar, /home/jorgeacf/.ivy2/cache/com.typesafe.play/play-server_2.10/jars/play-server_2.10-2.4.2.jar, /home/jorgeacf/.ivy2/cache/com.typesafe.play/play_2.10/jars/play_2.10-2.4.2.jar, /home/jorgeacf/.ivy2/cache/com.typesafe.play/build-link/jars/build-link-2.4.2.jar, /home/jorgeacf/.ivy2/cache/com.typesafe.play/play-exceptions/jars/play-exceptions-2.4.2.jar, /home/jorgeacf/.ivy2/cache/org.javassist/javassist/bundles/javassist-3.19.0-GA.jar, /home/jorgeacf/.ivy2/cache/com.typesafe.play/play-iteratees_2.10/jars/play-iteratees_2.10-2.4.2.jar, /home/jorgeacf/.ivy2/cache/org.scala-stm/scala-stm_2.10/jars/scala-stm_2.10-0.7.jar, /home/jorgeacf/.ivy2/cache/com.typesafe/config/bundles/config-1.3.0.jar, /home/jorgeacf/.ivy2/cache/com.typesafe.play/play-json_2.10/jars/play-json_2.10-2.4.2.jar, /home/jorgeacf/.ivy2/cache/com.typesafe.play/play-functional_2.10/jars/play-functional_2.10-2.4.2.jar, /home/jorgeacf/.ivy2/cache/com.typesafe.play/play-datacommons_2.10/jars/play-datacommons_2.10-2.4.2.jar, /home/jorgeacf/.ivy2/cache/joda-time/joda-time/jars/joda-time-2.8.1.jar, /home/jorgeacf/.ivy2/cache/org.joda/joda-convert/jars/joda-convert-1.7.jar, /home/jorgeacf/.ivy2/cache/org.scala-lang/scala-reflect/jars/scala-reflect-2.10.5.jar, /home/jorgeacf/.ivy2/cache/com.fasterxml.jackson.core/jackson-core/bundles/jackson-core-2.5.4.jar, /home/jorgeacf/.ivy2/cache/com.fasterxml.jackson.core/jackson-annotations/bundles/jackson-annotations-2.5.4.jar, /home/jorgeacf/.ivy2/cache/com.fasterxml.jackson.core/jackson-databind/bundles/jackson-databind-2.5.4.jar, /home/jorgeacf/.ivy2/cache/com.fasterxml.jackson.datatype/jackson-datatype-jdk8/bundles/jackson-datatype-jdk8-2.5.4.jar, /home/jorgeacf/.ivy2/cache/com.fasterxml.jackson.datatype/jackson-datatype-jsr310/bundles/jackson-datatype-jsr310-2.5.4.jar, /home/jorgeacf/.ivy2/cache/com.typesafe.play/play-netty-utils/jars/play-netty-utils-2.4.2.jar, /home/jorgeacf/.ivy2/cache/org.slf4j/slf4j-api/jars/slf4j-api-1.7.12.jar, /home/jorgeacf/.ivy2/cache/org.slf4j/jul-to-slf4j/jars/jul-to-slf4j-1.7.12.jar, /home/jorgeacf/.ivy2/cache/org.slf4j/jcl-over-slf4j/jars/jcl-over-slf4j-1.7.12.jar, /home/jorgeacf/.ivy2/cache/ch.qos.logback/logback-core/jars/logback-core-1.1.3.jar, /home/jorgeacf/.ivy2/cache/ch.qos.logback/logback-classic/jars/logback-classic-1.1.3.jar, /home/jorgeacf/.ivy2/cache/com.typesafe.akka/akka-actor_2.10/jars/akka-actor_2.10-2.3.11.jar, /home/jorgeacf/.ivy2/cache/com.typesafe.akka/akka-slf4j_2.10/jars/akka-slf4j_2.10-2.3.11.jar, /home/jorgeacf/.ivy2/cache/commons-codec/commons-codec/jars/commons-codec-1.10.jar, /home/jorgeacf/.ivy2/cache/xerces/xercesImpl/jars/xercesImpl-2.11.0.jar, /home/jorgeacf/.ivy2/cache/xml-apis/xml-apis/jars/xml-apis-1.4.01.jar, /home/jorgeacf/.ivy2/cache/javax.transaction/jta/jars/jta-1.1.jar, /home/jorgeacf/.ivy2/cache/com.google.inject/guice/jars/guice-4.0.jar, /home/jorgeacf/.ivy2/cache/javax.inject/javax.inject/jars/javax.inject-1.jar, /home/jorgeacf/.ivy2/cache/aopalliance/aopalliance/jars/aopalliance-1.0.jar, /home/jorgeacf/.ivy2/cache/com.google.inject.extensions/guice-assistedinject/jars/guice-assistedinject-4.0.jar, /home/jorgeacf/.ivy2/cache/com.typesafe.play/play-java_2.10/jars/play-java_2.10-2.4.2.jar, /home/jorgeacf/.ivy2/cache/org.scala-lang.modules/scala-java8-compat_2.10/bundles/scala-java8-compat_2.10-0.3.0.jar, /home/jorgeacf/.ivy2/cache/org.yaml/snakeyaml/bundles/snakeyaml-1.15.jar, /home/jorgeacf/.ivy2/cache/org.hibernate/hibernate-validator/jars/hibernate-validator-5.0.3.Final.jar, /home/jorgeacf/.ivy2/cache/javax.validation/validation-api/jars/validation-api-1.1.0.Final.jar, /home/jorgeacf/.ivy2/cache/com.fasterxml/classmate/bundles/classmate-1.0.0.jar, /home/jorgeacf/.ivy2/cache/org.jboss.logging/jboss-logging/jars/jboss-logging-3.2.1.Final.jar, /home/jorgeacf/.ivy2/cache/org.springframework/spring-context/jars/spring-context-4.1.6.RELEASE.jar, /home/jorgeacf/.ivy2/cache/org.springframework/spring-core/jars/spring-core-4.1.6.RELEASE.jar, /home/jorgeacf/.ivy2/cache/org.springframework/spring-beans/jars/spring-beans-4.1.6.RELEASE.jar, /home/jorgeacf/.ivy2/cache/org.reflections/reflections/jars/reflections-0.9.9.jar, /home/jorgeacf/.ivy2/cache/com.google.guava/guava/bundles/guava-18.0.jar, /home/jorgeacf/.ivy2/cache/com.google.code.findbugs/annotations/jars/annotations-2.0.1.jar, /home/jorgeacf/.ivy2/cache/net.jodah/typetools/bundles/typetools-0.4.1.jar, /home/jorgeacf/.ivy2/cache/com.google.code.findbugs/jsr305/jars/jsr305-2.0.3.jar, /home/jorgeacf/.ivy2/cache/org.apache.tomcat/tomcat-servlet-api/jars/tomcat-servlet-api-8.0.21.jar, /home/jorgeacf/.ivy2/cache/com.typesafe.play/play-netty-server_2.10/jars/play-netty-server_2.10-2.4.2.jar, /home/jorgeacf/.ivy2/cache/io.netty/netty/bundles/netty-3.10.3.Final.jar, /home/jorgeacf/.ivy2/cache/com.typesafe.netty/netty-http-pipelining/jars/netty-http-pipelining-1.1.4.jar, /home/jorgeacf/.ivy2/cache/com.typesafe.play/play-java-jpa_2.10/jars/play-java-jpa_2.10-2.4.2.jar, /home/jorgeacf/.ivy2/cache/com.typesafe.play/play-java-jdbc_2.10/jars/play-java-jdbc_2.10-2.4.2.jar, /home/jorgeacf/.ivy2/cache/com.typesafe.play/play-jdbc_2.10/jars/play-jdbc_2.10-2.4.2.jar, /home/jorgeacf/.ivy2/cache/com.typesafe.play/play-jdbc-api_2.10/jars/play-jdbc-api_2.10-2.4.2.jar, /home/jorgeacf/.ivy2/cache/com.jolbox/bonecp/bundles/bonecp-0.8.0.RELEASE.jar, /home/jorgeacf/.ivy2/cache/com.zaxxer/HikariCP/bundles/HikariCP-2.3.7.jar, /home/jorgeacf/.ivy2/cache/com.h2database/h2/jars/h2-1.4.187.jar, /home/jorgeacf/.ivy2/cache/tyrex/tyrex/jars/tyrex-1.0.1.jar, /home/jorgeacf/.ivy2/cache/org.hibernate.javax.persistence/hibernate-jpa-2.1-api/jars/hibernate-jpa-2.1-api-1.0.0.Final.jar, /home/jorgeacf/.ivy2/cache/org.hibernate/hibernate-entitymanager/jars/hibernate-entitymanager-4.3.7.Final.jar, /home/jorgeacf/.ivy2/cache/org.jboss.logging/jboss-logging-annotations/jars/jboss-logging-annotations-1.2.0.Beta1.jar, /home/jorgeacf/.ivy2/cache/org.hibernate/hibernate-core/jars/hibernate-core-4.3.7.Final.jar, /home/jorgeacf/.ivy2/cache/org.jboss.spec.javax.transaction/jboss-transaction-api_1.2_spec/jars/jboss-transaction-api_1.2_spec-1.0.0.Final.jar, /home/jorgeacf/.ivy2/cache/dom4j/dom4j/jars/dom4j-1.6.1.jar, /home/jorgeacf/.ivy2/cache/org.hibernate.common/hibernate-commons-annotations/jars/hibernate-commons-annotations-4.0.5.Final.jar, /home/jorgeacf/.ivy2/cache/antlr/antlr/jars/antlr-2.7.7.jar, /home/jorgeacf/.ivy2/cache/org.jboss/jandex/jars/jandex-1.1.0.Final.jar),List((public/,/home/jorgeacf/dev/github/libraries-java-examples/akka/play-java-intro/target/web/public/main)),List(/home/jorgeacf/.ivy2/cache/com.typesafe.play/play-omnidoc_2.10/jars/play-omnidoc_2.10-2.4.2.jar, /home/jorgeacf/.ivy2/cache/org.scala-lang/scala-library/jars/scala-library-2.10.5.jar, /home/jorgeacf/.ivy2/cache/com.typesafe.play/play-docs_2.10/jars/play-docs_2.10-2.4.2.jar, /home/jorgeacf/.ivy2/cache/com.typesafe.play/play-netty-server_2.10/jars/play-netty-server_2.10-2.4.2.jar, /home/jorgeacf/.ivy2/cache/com.typesafe.play/play-server_2.10/jars/play-server_2.10-2.4.2.jar, /home/jorgeacf/.ivy2/cache/com.typesafe.play/play_2.10/jars/play_2.10-2.4.2.jar, /home/jorgeacf/.ivy2/cache/com.typesafe.play/build-link/jars/build-link-2.4.2.jar, /home/jorgeacf/.ivy2/cache/com.typesafe.play/play-exceptions/jars/play-exceptions-2.4.2.jar, /home/jorgeacf/.ivy2/cache/org.javassist/javassist/bundles/javassist-3.19.0-GA.jar, /home/jorgeacf/.ivy2/cache/com.typesafe.play/play-iteratees_2.10/jars/play-iteratees_2.10-2.4.2.jar, /home/jorgeacf/.ivy2/cache/org.scala-stm/scala-stm_2.10/jars/scala-stm_2.10-0.7.jar, /home/jorgeacf/.ivy2/cache/com.typesafe/config/bundles/config-1.3.0.jar, /home/jorgeacf/.ivy2/cache/com.typesafe.play/play-json_2.10/jars/play-json_2.10-2.4.2.jar, /home/jorgeacf/.ivy2/cache/com.typesafe.play/play-functional_2.10/jars/play-functional_2.10-2.4.2.jar, /home/jorgeacf/.ivy2/cache/com.typesafe.play/play-datacommons_2.10/jars/play-datacommons_2.10-2.4.2.jar, /home/jorgeacf/.ivy2/cache/joda-time/joda-time/jars/joda-time-2.8.1.jar, /home/jorgeacf/.ivy2/cache/org.joda/joda-convert/jars/joda-convert-1.7.jar, /home/jorgeacf/.ivy2/cache/org.scala-lang/scala-reflect/jars/scala-reflect-2.10.5.jar, /home/jorgeacf/.ivy2/cache/com.fasterxml.jackson.core/jackson-core/bundles/jackson-core-2.5.4.jar, /home/jorgeacf/.ivy2/cache/com.fasterxml.jackson.core/jackson-annotations/bundles/jackson-annotations-2.5.4.jar, /home/jorgeacf/.ivy2/cache/com.fasterxml.jackson.core/jackson-databind/bundles/jackson-databind-2.5.4.jar, /home/jorgeacf/.ivy2/cache/com.fasterxml.jackson.datatype/jackson-datatype-jdk8/bundles/jackson-datatype-jdk8-2.5.4.jar, /home/jorgeacf/.ivy2/cache/com.fasterxml.jackson.datatype/jackson-datatype-jsr310/bundles/jackson-datatype-jsr310-2.5.4.jar, /home/jorgeacf/.ivy2/cache/com.typesafe.play/play-netty-utils/jars/play-netty-utils-2.4.2.jar, /home/jorgeacf/.ivy2/cache/org.slf4j/slf4j-api/jars/slf4j-api-1.7.12.jar, /home/jorgeacf/.ivy2/cache/org.slf4j/jul-to-slf4j/jars/jul-to-slf4j-1.7.12.jar, /home/jorgeacf/.ivy2/cache/org.slf4j/jcl-over-slf4j/jars/jcl-over-slf4j-1.7.12.jar, /home/jorgeacf/.ivy2/cache/com.typesafe.play/twirl-api_2.10/jars/twirl-api_2.10-1.1.1.jar, /home/jorgeacf/.ivy2/cache/org.apache.commons/commons-lang3/jars/commons-lang3-3.4.jar, /home/jorgeacf/.ivy2/cache/ch.qos.logback/logback-core/jars/logback-core-1.1.3.jar, /home/jorgeacf/.ivy2/cache/ch.qos.logback/logback-classic/jars/logback-classic-1.1.3.jar, /home/jorgeacf/.ivy2/cache/com.typesafe.akka/akka-actor_2.10/jars/akka-actor_2.10-2.3.11.jar, /home/jorgeacf/.ivy2/cache/com.typesafe.akka/akka-slf4j_2.10/jars/akka-slf4j_2.10-2.3.11.jar, /home/jorgeacf/.ivy2/cache/commons-codec/commons-codec/jars/commons-codec-1.10.jar, /home/jorgeacf/.ivy2/cache/xerces/xercesImpl/jars/xercesImpl-2.11.0.jar, /home/jorgeacf/.ivy2/cache/xml-apis/xml-apis/jars/xml-apis-1.4.01.jar, /home/jorgeacf/.ivy2/cache/javax.transaction/jta/jars/jta-1.1.jar, /home/jorgeacf/.ivy2/cache/com.google.inject/guice/jars/guice-4.0.jar, /home/jorgeacf/.ivy2/cache/javax.inject/javax.inject/jars/javax.inject-1.jar, /home/jorgeacf/.ivy2/cache/aopalliance/aopalliance/jars/aopalliance-1.0.jar, /home/jorgeacf/.ivy2/cache/com.google.guava/guava/bundles/guava-16.0.1.jar, /home/jorgeacf/.ivy2/cache/com.google.inject.extensions/guice-assistedinject/jars/guice-assistedinject-4.0.jar, /home/jorgeacf/.ivy2/cache/io.netty/netty/bundles/netty-3.10.3.Final.jar, /home/jorgeacf/.ivy2/cache/com.typesafe.netty/netty-http-pipelining/jars/netty-http-pipelining-1.1.4.jar, /home/jorgeacf/.ivy2/cache/com.typesafe.play/play-doc_2.10/jars/play-doc_2.10-1.2.2.jar, /home/jorgeacf/.ivy2/cache/org.pegdown/pegdown/jars/pegdown-1.4.0.jar, /home/jorgeacf/.ivy2/cache/org.parboiled/parboiled-java/bundles/parboiled-java-1.1.5.jar, /home/jorgeacf/.ivy2/cache/org.parboiled/parboiled-core/bundles/parboiled-core-1.1.5.jar, /home/jorgeacf/.ivy2/cache/org.ow2.asm/asm/jars/asm-4.1.jar, /home/jorgeacf/.ivy2/cache/org.ow2.asm/asm-tree/jars/asm-tree-4.1.jar, /home/jorgeacf/.ivy2/cache/org.ow2.asm/asm-analysis/jars/asm-analysis-4.1.jar, /home/jorgeacf/.ivy2/cache/org.ow2.asm/asm-util/jars/asm-util-4.1.jar, /home/jorgeacf/.ivy2/cache/commons-io/commons-io/jars/commons-io-2.4.jar),Some(/home/jorgeacf/.ivy2/cache/com.typesafe.play/play-omnidoc_2.10/jars/play-omnidoc_2.10-2.4.2.jar),List(),9000,0.0.0.0,DefaultWatchService,List(/home/jorgeacf/dev/github/libraries-java-examples/akka/play-java-intro/public, /home/jorgeacf/dev/github/libraries-java-examples/akka/play-java-intro/conf, /home/jorgeacf/dev/github/libraries-java-examples/akka/play-java-intro/app),/home/jorgeacf/dev/github/libraries-java-examples/akka/play-java-intro/target,500,root/playForkNotifyStart,root/playForkReload,300000,play.core.server.DevServerStart))))
Sending msg to client play-fork-run-a5a6c691-71ed-4fa9-867d-895c640ecfa2: TaskStarted(7,428,None)
Sending msg to client play-fork-run-a5a6c691-71ed-4fa9-867d-895c640ecfa2: TaskFinished(7,428,None,true,None)
Sending msg to client play-fork-run-a5a6c691-71ed-4fa9-867d-895c640ecfa2: TaskStarted(7,427,None)
Sending msg to client play-fork-run-a5a6c691-71ed-4fa9-867d-895c640ecfa2: TaskFinished(7,427,None,true,None)
Sending msg to client play-fork-run-a5a6c691-71ed-4fa9-867d-895c640ecfa2: DetachedLogEvent(LogMessage(debug,cancel strategy finish enabled=false lastCommand=Some(LastCommand(CommandExecutionWork(ExecutionId(7),{file:/home/jorgeacf/dev/github/libraries-java-examples/akka/play-java-intro/}root/*:playForkConfig,Set(LiveClient(play-fork-run a5a6c691-71ed-4fa9-867d-895c640ecfa2)),sbt.server.WorkCancellationStatus$$anon$1@3efdf99a)))))
Sending msg to client play-fork-run-a5a6c691-71ed-4fa9-867d-895c640ecfa2: DetachedLogEvent(LogSuccess(Total time: 3 s, completed 11-Aug-2015 22:07:41))
Sending msg to client play-fork-run-a5a6c691-71ed-4fa9-867d-895c640ecfa2: DetachedLogEvent(LogMessage(debug,> server-post-command-cleanup))
Sending msg to client play-fork-run-a5a6c691-71ed-4fa9-867d-895c640ecfa2: ExecutionSuccess(7)
Sending msg to client play-fork-run-a5a6c691-71ed-4fa9-867d-895c640ecfa2: DetachedLogEvent(LogMessage(debug,> server-handle-next-server-request))
Sending msg to client play-fork-run-a5a6c691-71ed-4fa9-867d-895c640ecfa2: BackgroundJobLogEvent(1,LogMessage(info,))
Sending msg to client play-fork-run-a5a6c691-71ed-4fa9-867d-895c640ecfa2: BackgroundJobLogEvent(1,LogMessage(info,[35m--- (Running the application, auto-reloading is enabled) ---[0m))
Sending msg to client play-fork-run-a5a6c691-71ed-4fa9-867d-895c640ecfa2: BackgroundJobLogEvent(1,LogMessage(info,))
Sending msg to client play-fork-run-a5a6c691-71ed-4fa9-867d-895c640ecfa2: BackgroundJobLogEvent(1,LogMessage(info,p.a.l.c.ActorSystemProvider - Starting application default Akka system: application))
Sending msg to client play-fork-run-a5a6c691-71ed-4fa9-867d-895c640ecfa2: BackgroundJobLogEvent(1,LogMessage(info,p.c.s.NettyServer - Listening for HTTP on /0:0:0:0:0:0:0:0:9000))
Sending msg to client play-fork-run-a5a6c691-71ed-4fa9-867d-895c640ecfa2: BackgroundJobLogEvent(1,LogMessage(info,))
Sending msg to client play-fork-run-a5a6c691-71ed-4fa9-867d-895c640ecfa2: BackgroundJobLogEvent(1,LogMessage(info,[32m(Server started, use Ctrl+D to stop and go back to the console...)[0m))
Sending msg to client play-fork-run-a5a6c691-71ed-4fa9-867d-895c640ecfa2: BackgroundJobLogEvent(1,LogMessage(info,))
Got request: ExecutionRequest(root/playForkNotifyStart http://localhost:9000)
Reading next message from client.
Sending msg to client play-fork-run-a5a6c691-71ed-4fa9-867d-895c640ecfa2: (8,ExecutionRequestReceived(8))
Sending msg to client play-fork-run-a5a6c691-71ed-4fa9-867d-895c640ecfa2: ExecutionWaiting(8,root/playForkNotifyStart http://localhost:9000,ClientInfo(a5a6c691-71ed-4fa9-867d-895c640ecfa2,play-fork-run,Play Fork Run,1,Vector()))
Sending msg to client play-fork-run-a5a6c691-71ed-4fa9-867d-895c640ecfa2: ExecutionStarting(8)
Sending msg to client play-fork-run-a5a6c691-71ed-4fa9-867d-895c640ecfa2: DetachedLogEvent(LogMessage(debug,> root/playForkNotifyStart http://localhost:9000))
Sending msg to client play-fork-run-a5a6c691-71ed-4fa9-867d-895c640ecfa2: DetachedLogEvent(LogMessage(debug,Evaluating tasks: *:playForkNotifyStart))
Sending msg to client play-fork-run-a5a6c691-71ed-4fa9-867d-895c640ecfa2: DetachedLogEvent(LogMessage(debug,Running task... Cancel: sbt.server.ServerTaskCancellation@4807ea9d, check cycles: false))
Sending msg to client play-fork-run-a5a6c691-71ed-4fa9-867d-895c640ecfa2: DetachedLogEvent(LogMessage(debug,cancel strategy start enabled=true lastCommand=Some(LastCommand(CommandExecutionWork(ExecutionId(8),root/playForkNotifyStart http://localhost:9000,Set(LiveClient(play-fork-run a5a6c691-71ed-4fa9-867d-895c640ecfa2)),sbt.server.WorkCancellationStatus$$anon$1@3ea9ff82)))))
Sending msg to client play-fork-run-a5a6c691-71ed-4fa9-867d-895c640ecfa2: TaskStarted(8,505,Some(AttributeKey[sbt.SendEventService]("sendEventService") in Scope(Global)))
Sending msg to client play-fork-run-a5a6c691-71ed-4fa9-867d-895c640ecfa2: TaskFinished(8,505,Some(AttributeKey[sbt.SendEventService]("sendEventService") in Scope(Global)),true,None)
Sending msg to client play-fork-run-a5a6c691-71ed-4fa9-867d-895c640ecfa2: TaskStarted(8,504,Some(AttributeKey[scala.Function1[java.lang.String,void]]("playForkStarted") in Scope(Build: file:/home/jorgeacf/dev/github/libraries-java-examples/akka/play-java-intro/, , Project: ProjectReference(file:/home/jorgeacf/dev/github/libraries-java-examples/akka/play-java-intro/,root))))
Sending msg to client play-fork-run-a5a6c691-71ed-4fa9-867d-895c640ecfa2: TaskFinished(8,504,Some(AttributeKey[scala.Function1[java.lang.String,void]]("playForkStarted") in Scope(Build: file:/home/jorgeacf/dev/github/libraries-java-examples/akka/play-java-intro/, , Project: ProjectReference(file:/home/jorgeacf/dev/github/libraries-java-examples/akka/play-java-intro/,root))),true,None)
Sending msg to client play-fork-run-a5a6c691-71ed-4fa9-867d-895c640ecfa2: TaskStarted(8,503,Some(AttributeKey[void]("playForkNotifyStart") in Scope(Build: file:/home/jorgeacf/dev/github/libraries-java-examples/akka/play-java-intro/, , Project: ProjectReference(file:/home/jorgeacf/dev/github/libraries-java-examples/akka/play-java-intro/,root))))
Sending msg to client play-fork-run-a5a6c691-71ed-4fa9-867d-895c640ecfa2: TaskEvent(503,LazyValue(PlayServerStarted(http://localhost:9000),play.forkrun.protocol.Serializers$PlayForkrunProtocolPlayServerStartedPickler1$2$@6ee4dc3c))
Sending msg to client play-fork-run-a5a6c691-71ed-4fa9-867d-895c640ecfa2: TaskFinished(8,503,Some(AttributeKey[void]("playForkNotifyStart") in Scope(Build: file:/home/jorgeacf/dev/github/libraries-java-examples/akka/play-java-intro/, , Project: ProjectReference(file:/home/jorgeacf/dev/github/libraries-java-examples/akka/play-java-intro/,root))),true,None)
Sending msg to client play-fork-run-a5a6c691-71ed-4fa9-867d-895c640ecfa2: TaskStarted(8,502,None)
Sending msg to client play-fork-run-a5a6c691-71ed-4fa9-867d-895c640ecfa2: TaskFinished(8,502,None,true,None)
Sending msg to client play-fork-run-a5a6c691-71ed-4fa9-867d-895c640ecfa2: TaskStarted(8,501,None)
Sending msg to client play-fork-run-a5a6c691-71ed-4fa9-867d-895c640ecfa2: TaskFinished(8,501,None,true,None)
Sending msg to client play-fork-run-a5a6c691-71ed-4fa9-867d-895c640ecfa2: DetachedLogEvent(LogMessage(debug,cancel strategy finish enabled=false lastCommand=Some(LastCommand(CommandExecutionWork(ExecutionId(8),root/playForkNotifyStart http://localhost:9000,Set(LiveClient(play-fork-run a5a6c691-71ed-4fa9-867d-895c640ecfa2)),sbt.server.WorkCancellationStatus$$anon$1@3ea9ff82)))))
Sending msg to client play-fork-run-a5a6c691-71ed-4fa9-867d-895c640ecfa2: DetachedLogEvent(LogSuccess(Total time: 0 s, completed 11-Aug-2015 22:07:51))
Sending msg to client play-fork-run-a5a6c691-71ed-4fa9-867d-895c640ecfa2: DetachedLogEvent(LogMessage(debug,> server-post-command-cleanup))
Sending msg to client play-fork-run-a5a6c691-71ed-4fa9-867d-895c640ecfa2: ExecutionSuccess(8)
Sending msg to client play-fork-run-a5a6c691-71ed-4fa9-867d-895c640ecfa2: DetachedLogEvent(LogMessage(debug,> server-handle-next-server-request))
Client play-fork-run-a5a6c691-71ed-4fa9-867d-895c640ecfa2 closed, java.net.SocketException: Socket closed, shutting down
Client play-fork-run-a5a6c691-71ed-4fa9-867d-895c640ecfa2 thread exiting.
Dropping message (0,ReceivedResponse()) to dead client play-fork-run-a5a6c691-71ed-4fa9-867d-895c640ecfa2
Closing the 6563@localhost.localdomain logs at Tue Aug 11 22:13:36 WEST 2015, goodbye.
